<?xml version="1.0" encoding="UTF-8"?>
<coverage generated="1581073506713" clover="3.2.0">
  <project timestamp="1581073506713" name="All files">
    <metrics statements="42" coveredstatements="36" conditionals="13" coveredconditionals="10" methods="22" coveredmethods="18" elements="77" coveredelements="64" complexity="0" loc="42" ncloc="42" packages="2" files="2" classes="2"/>
    <package name="src">
      <metrics statements="23" coveredstatements="17" conditionals="6" coveredconditionals="3" methods="13" coveredmethods="9"/>
      <file name="App.js" path="/home/iuri/VSCodeProjects/react_app/src/App.js">
        <metrics statements="23" coveredstatements="17" conditionals="6" coveredconditionals="3" methods="13" coveredmethods="9"/>
        <line num="9" count="1" type="stmt"/>
        <line num="11" count="4" type="stmt"/>
        <line num="12" count="0" type="cond" truecount="0" falsecount="2"/>
        <line num="13" count="0" type="stmt"/>
        <line num="19" count="4" type="stmt"/>
        <line num="20" count="0" type="stmt"/>
        <line num="21" count="0" type="stmt"/>
        <line num="24" count="1" type="stmt"/>
        <line num="25" count="1" type="stmt"/>
        <line num="26" count="1" type="stmt"/>
        <line num="30" count="2" type="stmt"/>
        <line num="31" count="0" type="stmt"/>
        <line num="32" count="0" type="stmt"/>
        <line num="35" count="1" type="stmt"/>
        <line num="36" count="3" type="stmt"/>
        <line num="37" count="3" type="stmt"/>
        <line num="38" count="3" type="stmt"/>
        <line num="39" count="3" type="stmt"/>
        <line num="40" count="3" type="stmt"/>
        <line num="42" count="3" type="stmt"/>
        <line num="43" count="1" type="stmt"/>
        <line num="44" count="1" type="stmt"/>
        <line num="47" count="3" type="stmt"/>
      </file>
    </package>
    <package name="src.components">
      <metrics statements="19" coveredstatements="19" conditionals="7" coveredconditionals="7" methods="9" coveredmethods="9"/>
      <file name="Table.js" path="/home/iuri/VSCodeProjects/react_app/src/components/Table.js">
        <metrics statements="19" coveredstatements="19" conditionals="7" coveredconditionals="7" methods="9" coveredmethods="9"/>
        <line num="4" count="1" type="stmt"/>
        <line num="7" count="6" type="stmt"/>
        <line num="8" count="6" type="stmt"/>
        <line num="10" count="20" type="stmt"/>
        <line num="15" count="6" type="stmt"/>
        <line num="16" count="48" type="stmt"/>
        <line num="21" count="6" type="stmt"/>
        <line num="22" count="28" type="cond" truecount="2" falsecount="0"/>
        <line num="23" count="8" type="stmt"/>
        <line num="24" count="20" type="cond" truecount="2" falsecount="0"/>
        <line num="25" count="4" type="stmt"/>
        <line num="27" count="16" type="stmt"/>
        <line num="31" count="6" type="stmt"/>
        <line num="32" count="2" type="stmt"/>
        <line num="33" count="6" type="stmt"/>
        <line num="37" count="6" type="stmt"/>
        <line num="38" count="6" type="stmt"/>
        <line num="40" count="28" type="stmt"/>
        <line num="45" count="6" type="stmt"/>
      </file>
    </package>
  </project>
</coverage>
