{"/home/iuri/VSCodeProjects/react_app/src/App.js": {"path":"/home/iuri/VSCodeProjects/react_app/src/App.js","statementMap":{"0":{"start":{"line":9,"column":19},"end":{"line":9,"column":72}},"1":{"start":{"line":11,"column":25},"end":{"line":17,"column":1}},"2":{"start":{"line":11,"column":50},"end":{"line":17,"column":1}},"3":{"start":{"line":11,"column":58},"end":{"line":17,"column":1}},"4":{"start":{"line":12,"column":4},"end":{"line":16,"column":5}},"5":{"start":{"line":13,"column":8},"end":{"line":15,"column":9}},"6":{"start":{"line":19,"column":28},"end":{"line":22,"column":1}},"7":{"start":{"line":19,"column":72},"end":{"line":22,"column":1}},"8":{"start":{"line":19,"column":80},"end":{"line":22,"column":1}},"9":{"start":{"line":20,"column":4},"end":{"line":20,"column":48}},"10":{"start":{"line":20,"column":35},"end":{"line":20,"column":46}},"11":{"start":{"line":21,"column":4},"end":{"line":21,"column":25}},"12":{"start":{"line":24,"column":22},"end":{"line":29,"column":1}},"13":{"start":{"line":25,"column":4},"end":{"line":28,"column":6}},"14":{"start":{"line":26,"column":8},"end":{"line":26,"column":34}},"15":{"start":{"line":27,"column":8},"end":{"line":27,"column":33}},"16":{"start":{"line":31,"column":24},"end":{"line":34,"column":1}},"17":{"start":{"line":31,"column":38},"end":{"line":34,"column":1}},"18":{"start":{"line":32,"column":4},"end":{"line":32,"column":23}},"19":{"start":{"line":33,"column":4},"end":{"line":33,"column":31}},"20":{"start":{"line":36,"column":12},"end":{"line":78,"column":1}},"21":{"start":{"line":37,"column":34},"end":{"line":37,"column":46}},"22":{"start":{"line":38,"column":38},"end":{"line":38,"column":58}},"23":{"start":{"line":39,"column":44},"end":{"line":39,"column":59}},"24":{"start":{"line":40,"column":30},"end":{"line":40,"column":40}},"25":{"start":{"line":41,"column":29},"end":{"line":41,"column":46}},"26":{"start":{"line":43,"column":4},"end":{"line":46,"column":10}},"27":{"start":{"line":44,"column":8},"end":{"line":44,"column":66}},"28":{"start":{"line":45,"column":8},"end":{"line":45,"column":33}},"29":{"start":{"line":48,"column":4},"end":{"line":77,"column":5}}},"fnMap":{"0":{"name":"(anonymous_0)","decl":{"start":{"line":11,"column":25},"end":{"line":11,"column":26}},"loc":{"start":{"line":11,"column":50},"end":{"line":17,"column":1}},"line":11},"1":{"name":"(anonymous_1)","decl":{"start":{"line":11,"column":50},"end":{"line":11,"column":51}},"loc":{"start":{"line":11,"column":58},"end":{"line":17,"column":1}},"line":11},"2":{"name":"(anonymous_2)","decl":{"start":{"line":11,"column":58},"end":{"line":11,"column":59}},"loc":{"start":{"line":11,"column":64},"end":{"line":17,"column":1}},"line":11},"3":{"name":"(anonymous_3)","decl":{"start":{"line":19,"column":28},"end":{"line":19,"column":29}},"loc":{"start":{"line":19,"column":72},"end":{"line":22,"column":1}},"line":19},"4":{"name":"(anonymous_4)","decl":{"start":{"line":19,"column":72},"end":{"line":19,"column":73}},"loc":{"start":{"line":19,"column":80},"end":{"line":22,"column":1}},"line":19},"5":{"name":"(anonymous_5)","decl":{"start":{"line":19,"column":80},"end":{"line":19,"column":81}},"loc":{"start":{"line":19,"column":86},"end":{"line":22,"column":1}},"line":19},"6":{"name":"(anonymous_6)","decl":{"start":{"line":20,"column":30},"end":{"line":20,"column":31}},"loc":{"start":{"line":20,"column":35},"end":{"line":20,"column":46}},"line":20},"7":{"name":"(anonymous_7)","decl":{"start":{"line":24,"column":22},"end":{"line":24,"column":23}},"loc":{"start":{"line":24,"column":38},"end":{"line":29,"column":1}},"line":24},"8":{"name":"(anonymous_8)","decl":{"start":{"line":25,"column":31},"end":{"line":25,"column":32}},"loc":{"start":{"line":25,"column":43},"end":{"line":28,"column":5}},"line":25},"9":{"name":"(anonymous_9)","decl":{"start":{"line":31,"column":24},"end":{"line":31,"column":25}},"loc":{"start":{"line":31,"column":38},"end":{"line":34,"column":1}},"line":31},"10":{"name":"(anonymous_10)","decl":{"start":{"line":31,"column":38},"end":{"line":31,"column":39}},"loc":{"start":{"line":31,"column":44},"end":{"line":34,"column":1}},"line":31},"11":{"name":"(anonymous_11)","decl":{"start":{"line":36,"column":12},"end":{"line":36,"column":13}},"loc":{"start":{"line":36,"column":18},"end":{"line":78,"column":1}},"line":36},"12":{"name":"(anonymous_12)","decl":{"start":{"line":43,"column":14},"end":{"line":43,"column":15}},"loc":{"start":{"line":43,"column":20},"end":{"line":46,"column":5}},"line":43}},"branchMap":{"0":{"loc":{"start":{"line":12,"column":4},"end":{"line":16,"column":5}},"type":"if","locations":[{"start":{"line":12,"column":4},"end":{"line":16,"column":5}},{"start":{"line":12,"column":4},"end":{"line":16,"column":5}}],"line":12},"1":{"loc":{"start":{"line":51,"column":13},"end":{"line":73,"column":19}},"type":"cond-expr","locations":[{"start":{"line":51,"column":22},"end":{"line":53,"column":15}},{"start":{"line":54,"column":18},"end":{"line":73,"column":19}}],"line":51},"2":{"loc":{"start":{"line":67,"column":25},"end":{"line":67,"column":76}},"type":"cond-expr","locations":[{"start":{"line":67,"column":40},"end":{"line":67,"column":55}},{"start":{"line":67,"column":58},"end":{"line":67,"column":76}}],"line":67}},"s":{"0":1,"1":1,"2":2,"3":4,"4":0,"5":0,"6":1,"7":2,"8":4,"9":0,"10":0,"11":0,"12":1,"13":1,"14":1,"15":1,"16":1,"17":2,"18":0,"19":0,"20":1,"21":3,"22":3,"23":3,"24":3,"25":3,"26":3,"27":1,"28":1,"29":3},"f":{"0":2,"1":4,"2":0,"3":2,"4":4,"5":0,"6":0,"7":1,"8":1,"9":2,"10":0,"11":3,"12":1},"b":{"0":[0,0],"1":[1,2],"2":[0,2]},"_coverageSchema":"43e27e138ebf9cfc5966b082cf9a028302ed4184","hash":"3285469abc1e766cdec64e135620b229ba57de93"}
,"/home/iuri/VSCodeProjects/react_app/src/Documento.js": {"path":"/home/iuri/VSCodeProjects/react_app/src/Documento.js","statementMap":{"0":{"start":{"line":4,"column":17},"end":{"line":4,"column":73}},"1":{"start":{"line":6,"column":22},"end":{"line":9,"column":1}},"2":{"start":{"line":11,"column":18},"end":{"line":51,"column":1}},"3":{"start":{"line":12,"column":38},"end":{"line":12,"column":61}},"4":{"start":{"line":14,"column":19},"end":{"line":16,"column":5}},"5":{"start":{"line":18,"column":33},"end":{"line":25,"column":5}},"6":{"start":{"line":19,"column":8},"end":{"line":19,"column":30}},"7":{"start":{"line":21,"column":8},"end":{"line":24,"column":10}},"8":{"start":{"line":22,"column":12},"end":{"line":22,"column":39}},"9":{"start":{"line":23,"column":12},"end":{"line":23,"column":42}},"10":{"start":{"line":27,"column":27},"end":{"line":29,"column":5}},"11":{"start":{"line":28,"column":8},"end":{"line":28,"column":67}},"12":{"start":{"line":31,"column":29},"end":{"line":33,"column":5}},"13":{"start":{"line":32,"column":8},"end":{"line":32,"column":69}},"14":{"start":{"line":35,"column":4},"end":{"line":50,"column":5}}},"fnMap":{"0":{"name":"(anonymous_0)","decl":{"start":{"line":11,"column":18},"end":{"line":11,"column":19}},"loc":{"start":{"line":11,"column":55},"end":{"line":51,"column":1}},"line":11},"1":{"name":"(anonymous_1)","decl":{"start":{"line":18,"column":33},"end":{"line":18,"column":34}},"loc":{"start":{"line":18,"column":44},"end":{"line":25,"column":5}},"line":18},"2":{"name":"(anonymous_2)","decl":{"start":{"line":21,"column":77},"end":{"line":21,"column":78}},"loc":{"start":{"line":21,"column":83},"end":{"line":24,"column":9}},"line":21},"3":{"name":"(anonymous_3)","decl":{"start":{"line":27,"column":27},"end":{"line":27,"column":28}},"loc":{"start":{"line":27,"column":38},"end":{"line":29,"column":5}},"line":27},"4":{"name":"(anonymous_4)","decl":{"start":{"line":31,"column":29},"end":{"line":31,"column":30}},"loc":{"start":{"line":31,"column":40},"end":{"line":33,"column":5}},"line":31}},"branchMap":{},"s":{"0":1,"1":1,"2":1,"3":2,"4":2,"5":2,"6":0,"7":0,"8":0,"9":0,"10":2,"11":0,"12":2,"13":0,"14":2},"f":{"0":2,"1":0,"2":0,"3":0,"4":0},"b":{},"_coverageSchema":"43e27e138ebf9cfc5966b082cf9a028302ed4184","hash":"18540906926db7ca35c94f61966a6dda91586c7f"}
,"/home/iuri/VSCodeProjects/react_app/src/Login.js": {"path":"/home/iuri/VSCodeProjects/react_app/src/Login.js","statementMap":{"0":{"start":{"line":4,"column":17},"end":{"line":4,"column":57}},"1":{"start":{"line":6,"column":18},"end":{"line":6,"column":44}},"2":{"start":{"line":8,"column":14},"end":{"line":45,"column":1}},"3":{"start":{"line":9,"column":30},"end":{"line":9,"column":49}},"4":{"start":{"line":11,"column":25},"end":{"line":22,"column":5}},"5":{"start":{"line":12,"column":8},"end":{"line":12,"column":30}},"6":{"start":{"line":13,"column":8},"end":{"line":13,"column":26}},"7":{"start":{"line":14,"column":8},"end":{"line":21,"column":10}},"8":{"start":{"line":15,"column":12},"end":{"line":15,"column":33}},"9":{"start":{"line":16,"column":12},"end":{"line":16,"column":35}},"10":{"start":{"line":17,"column":12},"end":{"line":17,"column":31}},"11":{"start":{"line":18,"column":12},"end":{"line":18,"column":79}},"12":{"start":{"line":20,"column":12},"end":{"line":20,"column":42}},"13":{"start":{"line":24,"column":29},"end":{"line":26,"column":5}},"14":{"start":{"line":25,"column":8},"end":{"line":25,"column":56}},"15":{"start":{"line":28,"column":33},"end":{"line":30,"column":5}},"16":{"start":{"line":29,"column":8},"end":{"line":29,"column":60}},"17":{"start":{"line":32,"column":4},"end":{"line":44,"column":5}}},"fnMap":{"0":{"name":"(anonymous_0)","decl":{"start":{"line":8,"column":14},"end":{"line":8,"column":15}},"loc":{"start":{"line":8,"column":32},"end":{"line":45,"column":1}},"line":8},"1":{"name":"(anonymous_1)","decl":{"start":{"line":11,"column":25},"end":{"line":11,"column":26}},"loc":{"start":{"line":11,"column":36},"end":{"line":22,"column":5}},"line":11},"2":{"name":"(anonymous_2)","decl":{"start":{"line":14,"column":49},"end":{"line":14,"column":50}},"loc":{"start":{"line":14,"column":61},"end":{"line":19,"column":9}},"line":14},"3":{"name":"(anonymous_3)","decl":{"start":{"line":19,"column":18},"end":{"line":19,"column":19}},"loc":{"start":{"line":19,"column":24},"end":{"line":21,"column":9}},"line":19},"4":{"name":"(anonymous_4)","decl":{"start":{"line":24,"column":29},"end":{"line":24,"column":30}},"loc":{"start":{"line":24,"column":40},"end":{"line":26,"column":5}},"line":24},"5":{"name":"(anonymous_5)","decl":{"start":{"line":28,"column":33},"end":{"line":28,"column":34}},"loc":{"start":{"line":28,"column":44},"end":{"line":30,"column":5}},"line":28}},"branchMap":{},"s":{"0":1,"1":1,"2":1,"3":1,"4":1,"5":0,"6":0,"7":0,"8":0,"9":0,"10":0,"11":0,"12":0,"13":1,"14":0,"15":1,"16":0,"17":1},"f":{"0":1,"1":0,"2":0,"3":0,"4":0,"5":0},"b":{},"_coverageSchema":"43e27e138ebf9cfc5966b082cf9a028302ed4184","hash":"e6d34eabee28e5a1cf9284f6b268f1bd575f7dd1"}
,"/home/iuri/VSCodeProjects/react_app/src/Pessoa.js": {"path":"/home/iuri/VSCodeProjects/react_app/src/Pessoa.js","statementMap":{"0":{"start":{"line":4,"column":19},"end":{"line":4,"column":72}},"1":{"start":{"line":6,"column":19},"end":{"line":11,"column":2}},"2":{"start":{"line":6,"column":26},"end":{"line":11,"column":1}},"3":{"start":{"line":14,"column":15},"end":{"line":71,"column":1}},"4":{"start":{"line":16,"column":27},"end":{"line":18,"column":5}},"5":{"start":{"line":17,"column":8},"end":{"line":17,"column":64}},"6":{"start":{"line":20,"column":26},"end":{"line":22,"column":5}},"7":{"start":{"line":21,"column":8},"end":{"line":21,"column":63}},"8":{"start":{"line":24,"column":31},"end":{"line":26,"column":5}},"9":{"start":{"line":25,"column":8},"end":{"line":25,"column":68}},"10":{"start":{"line":28,"column":22},"end":{"line":47,"column":5}},"11":{"start":{"line":29,"column":8},"end":{"line":29,"column":30}},"12":{"start":{"line":30,"column":8},"end":{"line":30,"column":31}},"13":{"start":{"line":31,"column":8},"end":{"line":45,"column":9}},"14":{"start":{"line":32,"column":12},"end":{"line":34,"column":14}},"15":{"start":{"line":33,"column":16},"end":{"line":33,"column":41}},"16":{"start":{"line":35,"column":12},"end":{"line":35,"column":34}},"17":{"start":{"line":37,"column":12},"end":{"line":40,"column":13}},"18":{"start":{"line":37,"column":34},"end":{"line":37,"column":59}},"19":{"start":{"line":38,"column":16},"end":{"line":38,"column":39}},"20":{"start":{"line":39,"column":16},"end":{"line":39,"column":22}},"21":{"start":{"line":41,"column":12},"end":{"line":41,"column":72}},"22":{"start":{"line":41,"column":59},"end":{"line":41,"column":63}},"23":{"start":{"line":42,"column":12},"end":{"line":44,"column":14}},"24":{"start":{"line":43,"column":16},"end":{"line":43,"column":41}},"25":{"start":{"line":46,"column":8},"end":{"line":46,"column":32}},"26":{"start":{"line":49,"column":27},"end":{"line":52,"column":5}},"27":{"start":{"line":50,"column":8},"end":{"line":50,"column":30}},"28":{"start":{"line":51,"column":8},"end":{"line":51,"column":32}},"29":{"start":{"line":54,"column":4},"end":{"line":70,"column":5}}},"fnMap":{"0":{"name":"(anonymous_0)","decl":{"start":{"line":6,"column":19},"end":{"line":6,"column":20}},"loc":{"start":{"line":6,"column":26},"end":{"line":11,"column":1}},"line":6},"1":{"name":"(anonymous_1)","decl":{"start":{"line":14,"column":15},"end":{"line":14,"column":16}},"loc":{"start":{"line":14,"column":115},"end":{"line":71,"column":1}},"line":14},"2":{"name":"(anonymous_2)","decl":{"start":{"line":16,"column":27},"end":{"line":16,"column":28}},"loc":{"start":{"line":16,"column":38},"end":{"line":18,"column":5}},"line":16},"3":{"name":"(anonymous_3)","decl":{"start":{"line":20,"column":26},"end":{"line":20,"column":27}},"loc":{"start":{"line":20,"column":37},"end":{"line":22,"column":5}},"line":20},"4":{"name":"(anonymous_4)","decl":{"start":{"line":24,"column":31},"end":{"line":24,"column":32}},"loc":{"start":{"line":24,"column":42},"end":{"line":26,"column":5}},"line":24},"5":{"name":"(anonymous_5)","decl":{"start":{"line":28,"column":22},"end":{"line":28,"column":23}},"loc":{"start":{"line":28,"column":33},"end":{"line":47,"column":5}},"line":28},"6":{"name":"(anonymous_6)","decl":{"start":{"line":32,"column":71},"end":{"line":32,"column":72}},"loc":{"start":{"line":32,"column":77},"end":{"line":34,"column":13}},"line":32},"7":{"name":"(anonymous_7)","decl":{"start":{"line":37,"column":29},"end":{"line":37,"column":30}},"loc":{"start":{"line":37,"column":34},"end":{"line":37,"column":59}},"line":37},"8":{"name":"(anonymous_8)","decl":{"start":{"line":41,"column":54},"end":{"line":41,"column":55}},"loc":{"start":{"line":41,"column":59},"end":{"line":41,"column":63}},"line":41},"9":{"name":"(anonymous_9)","decl":{"start":{"line":42,"column":51},"end":{"line":42,"column":52}},"loc":{"start":{"line":42,"column":57},"end":{"line":44,"column":13}},"line":42},"10":{"name":"(anonymous_10)","decl":{"start":{"line":49,"column":27},"end":{"line":49,"column":28}},"loc":{"start":{"line":49,"column":33},"end":{"line":52,"column":5}},"line":49}},"branchMap":{"0":{"loc":{"start":{"line":31,"column":8},"end":{"line":45,"column":9}},"type":"if","locations":[{"start":{"line":31,"column":8},"end":{"line":45,"column":9}},{"start":{"line":31,"column":8},"end":{"line":45,"column":9}}],"line":31},"1":{"loc":{"start":{"line":37,"column":12},"end":{"line":40,"column":13}},"type":"if","locations":[{"start":{"line":37,"column":12},"end":{"line":40,"column":13}},{"start":{"line":37,"column":12},"end":{"line":40,"column":13}}],"line":37},"2":{"loc":{"start":{"line":62,"column":13},"end":{"line":64,"column":18}},"type":"binary-expr","locations":[{"start":{"line":62,"column":13},"end":{"line":62,"column":26}},{"start":{"line":62,"column":30},"end":{"line":64,"column":18}}],"line":62},"3":{"loc":{"start":{"line":66,"column":13},"end":{"line":67,"column":66}},"type":"binary-expr","locations":[{"start":{"line":66,"column":13},"end":{"line":66,"column":25}},{"start":{"line":67,"column":16},"end":{"line":67,"column":66}}],"line":66}},"s":{"0":1,"1":1,"2":1,"3":1,"4":2,"5":0,"6":2,"7":0,"8":2,"9":0,"10":2,"11":0,"12":0,"13":0,"14":0,"15":0,"16":0,"17":0,"18":0,"19":0,"20":0,"21":0,"22":0,"23":0,"24":0,"25":0,"26":2,"27":0,"28":0,"29":2},"f":{"0":1,"1":2,"2":0,"3":0,"4":0,"5":0,"6":0,"7":0,"8":0,"9":0,"10":0},"b":{"0":[0,0],"1":[0,0],"2":[2,2],"3":[2,0]},"_coverageSchema":"43e27e138ebf9cfc5966b082cf9a028302ed4184","hash":"cbcee143c4739f0d5d20c8e89d93bc89384aa701"}
,"/home/iuri/VSCodeProjects/react_app/src/index.js": {"path":"/home/iuri/VSCodeProjects/react_app/src/index.js","statementMap":{"0":{"start":{"line":6,"column":0},"end":{"line":9,"column":1}}},"fnMap":{},"branchMap":{},"s":{"0":0},"f":{},"b":{},"hash":"99907b816f72603049b7addd94b88d2c6bc721ff"}
,"/home/iuri/VSCodeProjects/react_app/src/components/Button.js": {"path":"/home/iuri/VSCodeProjects/react_app/src/components/Button.js","statementMap":{"0":{"start":{"line":3,"column":15},"end":{"line":7,"column":1}},"1":{"start":{"line":4,"column":4},"end":{"line":6,"column":5}}},"fnMap":{"0":{"name":"(anonymous_0)","decl":{"start":{"line":3,"column":15},"end":{"line":3,"column":16}},"loc":{"start":{"line":3,"column":39},"end":{"line":7,"column":1}},"line":3}},"branchMap":{},"s":{"0":1,"1":8},"f":{"0":8},"b":{},"_coverageSchema":"43e27e138ebf9cfc5966b082cf9a028302ed4184","hash":"9278c3b7b47106c50cc7c08eb835890c87139f2b"}
,"/home/iuri/VSCodeProjects/react_app/src/components/Table.js": {"path":"/home/iuri/VSCodeProjects/react_app/src/components/Table.js","statementMap":{"0":{"start":{"line":4,"column":14},"end":{"line":51,"column":1}},"1":{"start":{"line":7,"column":28},"end":{"line":13,"column":5}},"2":{"start":{"line":8,"column":8},"end":{"line":12,"column":16}},"3":{"start":{"line":10,"column":44},"end":{"line":10,"column":79}},"4":{"start":{"line":15,"column":23},"end":{"line":19,"column":5}},"5":{"start":{"line":16,"column":8},"end":{"line":18,"column":13}},"6":{"start":{"line":21,"column":28},"end":{"line":29,"column":5}},"7":{"start":{"line":22,"column":8},"end":{"line":28,"column":9}},"8":{"start":{"line":23,"column":12},"end":{"line":23,"column":109}},"9":{"start":{"line":24,"column":15},"end":{"line":28,"column":9}},"10":{"start":{"line":25,"column":12},"end":{"line":25,"column":102}},"11":{"start":{"line":27,"column":12},"end":{"line":27,"column":60}},"12":{"start":{"line":31,"column":26},"end":{"line":35,"column":5}},"13":{"start":{"line":32,"column":8},"end":{"line":34,"column":16}},"14":{"start":{"line":33,"column":37},"end":{"line":33,"column":54}},"15":{"start":{"line":37,"column":22},"end":{"line":43,"column":5}},"16":{"start":{"line":38,"column":8},"end":{"line":42,"column":9}},"17":{"start":{"line":40,"column":43},"end":{"line":40,"column":71}},"18":{"start":{"line":45,"column":4},"end":{"line":50,"column":5}}},"fnMap":{"0":{"name":"(anonymous_0)","decl":{"start":{"line":4,"column":14},"end":{"line":4,"column":15}},"loc":{"start":{"line":4,"column":42},"end":{"line":51,"column":1}},"line":4},"1":{"name":"(anonymous_1)","decl":{"start":{"line":7,"column":28},"end":{"line":7,"column":29}},"loc":{"start":{"line":8,"column":8},"end":{"line":12,"column":16}},"line":8},"2":{"name":"(anonymous_2)","decl":{"start":{"line":10,"column":31},"end":{"line":10,"column":32}},"loc":{"start":{"line":10,"column":44},"end":{"line":10,"column":79}},"line":10},"3":{"name":"(anonymous_3)","decl":{"start":{"line":15,"column":23},"end":{"line":15,"column":24}},"loc":{"start":{"line":16,"column":8},"end":{"line":18,"column":13}},"line":16},"4":{"name":"(anonymous_4)","decl":{"start":{"line":21,"column":28},"end":{"line":21,"column":29}},"loc":{"start":{"line":21,"column":45},"end":{"line":29,"column":5}},"line":21},"5":{"name":"(anonymous_5)","decl":{"start":{"line":31,"column":26},"end":{"line":31,"column":27}},"loc":{"start":{"line":32,"column":8},"end":{"line":34,"column":16}},"line":32},"6":{"name":"(anonymous_6)","decl":{"start":{"line":33,"column":25},"end":{"line":33,"column":26}},"loc":{"start":{"line":33,"column":37},"end":{"line":33,"column":54}},"line":33},"7":{"name":"(anonymous_7)","decl":{"start":{"line":37,"column":22},"end":{"line":37,"column":23}},"loc":{"start":{"line":37,"column":34},"end":{"line":43,"column":5}},"line":37},"8":{"name":"(anonymous_8)","decl":{"start":{"line":40,"column":31},"end":{"line":40,"column":32}},"loc":{"start":{"line":40,"column":43},"end":{"line":40,"column":71}},"line":40}},"branchMap":{"0":{"loc":{"start":{"line":22,"column":8},"end":{"line":28,"column":9}},"type":"if","locations":[{"start":{"line":22,"column":8},"end":{"line":28,"column":9}},{"start":{"line":22,"column":8},"end":{"line":28,"column":9}}],"line":22},"1":{"loc":{"start":{"line":24,"column":15},"end":{"line":28,"column":9}},"type":"if","locations":[{"start":{"line":24,"column":15},"end":{"line":28,"column":9}},{"start":{"line":24,"column":15},"end":{"line":28,"column":9}}],"line":24},"2":{"loc":{"start":{"line":48,"column":13},"end":{"line":48,"column":59}},"type":"binary-expr","locations":[{"start":{"line":48,"column":13},"end":{"line":48,"column":20}},{"start":{"line":48,"column":24},"end":{"line":48,"column":40}},{"start":{"line":48,"column":44},"end":{"line":48,"column":59}}],"line":48}},"s":{"0":1,"1":6,"2":6,"3":20,"4":6,"5":48,"6":6,"7":28,"8":8,"9":20,"10":4,"11":16,"12":6,"13":2,"14":6,"15":6,"16":6,"17":28,"18":6},"f":{"0":6,"1":6,"2":20,"3":48,"4":28,"5":2,"6":6,"7":6,"8":28},"b":{"0":[8,20],"1":[4,16],"2":[6,6,2]},"_coverageSchema":"43e27e138ebf9cfc5966b082cf9a028302ed4184","hash":"0b0bbf74b207c75a07a5fb6b07160067788ec1c4"}
,"/home/iuri/VSCodeProjects/react_app/src/components/Togglable.js": {"path":"/home/iuri/VSCodeProjects/react_app/src/components/Togglable.js","statementMap":{"0":{"start":{"line":4,"column":18},"end":{"line":31,"column":2}},"1":{"start":{"line":5,"column":34},"end":{"line":5,"column":49}},"2":{"start":{"line":7,"column":28},"end":{"line":7,"column":62}},"3":{"start":{"line":8,"column":28},"end":{"line":8,"column":62}},"4":{"start":{"line":10,"column":29},"end":{"line":12,"column":5}},"5":{"start":{"line":11,"column":8},"end":{"line":11,"column":28}},"6":{"start":{"line":14,"column":4},"end":{"line":18,"column":6}},"7":{"start":{"line":15,"column":8},"end":{"line":17,"column":9}},"8":{"start":{"line":20,"column":4},"end":{"line":30,"column":5}},"9":{"start":{"line":33,"column":0},"end":{"line":35,"column":1}}},"fnMap":{"0":{"name":"(anonymous_0)","decl":{"start":{"line":4,"column":35},"end":{"line":4,"column":36}},"loc":{"start":{"line":4,"column":51},"end":{"line":31,"column":1}},"line":4},"1":{"name":"(anonymous_1)","decl":{"start":{"line":10,"column":29},"end":{"line":10,"column":30}},"loc":{"start":{"line":10,"column":35},"end":{"line":12,"column":5}},"line":10},"2":{"name":"(anonymous_2)","decl":{"start":{"line":14,"column":29},"end":{"line":14,"column":30}},"loc":{"start":{"line":14,"column":35},"end":{"line":18,"column":5}},"line":14}},"branchMap":{"0":{"loc":{"start":{"line":7,"column":39},"end":{"line":7,"column":60}},"type":"cond-expr","locations":[{"start":{"line":7,"column":49},"end":{"line":7,"column":55}},{"start":{"line":7,"column":58},"end":{"line":7,"column":60}}],"line":7},"1":{"loc":{"start":{"line":8,"column":39},"end":{"line":8,"column":60}},"type":"cond-expr","locations":[{"start":{"line":8,"column":49},"end":{"line":8,"column":51}},{"start":{"line":8,"column":54},"end":{"line":8,"column":60}}],"line":8}},"s":{"0":2,"1":10,"2":10,"3":10,"4":10,"5":3,"6":10,"7":2,"8":10,"9":2},"f":{"0":10,"1":3,"2":2},"b":{"0":[2,8],"1":[2,8]},"_coverageSchema":"43e27e138ebf9cfc5966b082cf9a028302ed4184","hash":"323db3fa1a9e2e296924bdfc857408475db57861"}
}
