{"/home/iuri/VSCodeProjects/react_app/src/App.js": {"path":"/home/iuri/VSCodeProjects/react_app/src/App.js","statementMap":{"0":{"start":{"line":9,"column":19},"end":{"line":9,"column":72}},"1":{"start":{"line":11,"column":25},"end":{"line":17,"column":1}},"2":{"start":{"line":11,"column":50},"end":{"line":17,"column":1}},"3":{"start":{"line":11,"column":58},"end":{"line":17,"column":1}},"4":{"start":{"line":12,"column":4},"end":{"line":16,"column":5}},"5":{"start":{"line":13,"column":8},"end":{"line":15,"column":9}},"6":{"start":{"line":19,"column":28},"end":{"line":22,"column":1}},"7":{"start":{"line":19,"column":72},"end":{"line":22,"column":1}},"8":{"start":{"line":19,"column":80},"end":{"line":22,"column":1}},"9":{"start":{"line":20,"column":4},"end":{"line":20,"column":48}},"10":{"start":{"line":20,"column":35},"end":{"line":20,"column":46}},"11":{"start":{"line":21,"column":4},"end":{"line":21,"column":25}},"12":{"start":{"line":24,"column":22},"end":{"line":28,"column":1}},"13":{"start":{"line":25,"column":4},"end":{"line":27,"column":6}},"14":{"start":{"line":26,"column":8},"end":{"line":26,"column":33}},"15":{"start":{"line":30,"column":24},"end":{"line":33,"column":1}},"16":{"start":{"line":30,"column":38},"end":{"line":33,"column":1}},"17":{"start":{"line":31,"column":4},"end":{"line":31,"column":23}},"18":{"start":{"line":32,"column":4},"end":{"line":32,"column":31}},"19":{"start":{"line":35,"column":12},"end":{"line":77,"column":1}},"20":{"start":{"line":36,"column":34},"end":{"line":36,"column":46}},"21":{"start":{"line":37,"column":38},"end":{"line":37,"column":58}},"22":{"start":{"line":38,"column":44},"end":{"line":38,"column":59}},"23":{"start":{"line":39,"column":30},"end":{"line":39,"column":40}},"24":{"start":{"line":40,"column":29},"end":{"line":40,"column":46}},"25":{"start":{"line":42,"column":4},"end":{"line":45,"column":10}},"26":{"start":{"line":43,"column":8},"end":{"line":43,"column":66}},"27":{"start":{"line":44,"column":8},"end":{"line":44,"column":33}},"28":{"start":{"line":47,"column":4},"end":{"line":76,"column":5}}},"fnMap":{"0":{"name":"(anonymous_0)","decl":{"start":{"line":11,"column":25},"end":{"line":11,"column":26}},"loc":{"start":{"line":11,"column":50},"end":{"line":17,"column":1}},"line":11},"1":{"name":"(anonymous_1)","decl":{"start":{"line":11,"column":50},"end":{"line":11,"column":51}},"loc":{"start":{"line":11,"column":58},"end":{"line":17,"column":1}},"line":11},"2":{"name":"(anonymous_2)","decl":{"start":{"line":11,"column":58},"end":{"line":11,"column":59}},"loc":{"start":{"line":11,"column":64},"end":{"line":17,"column":1}},"line":11},"3":{"name":"(anonymous_3)","decl":{"start":{"line":19,"column":28},"end":{"line":19,"column":29}},"loc":{"start":{"line":19,"column":72},"end":{"line":22,"column":1}},"line":19},"4":{"name":"(anonymous_4)","decl":{"start":{"line":19,"column":72},"end":{"line":19,"column":73}},"loc":{"start":{"line":19,"column":80},"end":{"line":22,"column":1}},"line":19},"5":{"name":"(anonymous_5)","decl":{"start":{"line":19,"column":80},"end":{"line":19,"column":81}},"loc":{"start":{"line":19,"column":86},"end":{"line":22,"column":1}},"line":19},"6":{"name":"(anonymous_6)","decl":{"start":{"line":20,"column":30},"end":{"line":20,"column":31}},"loc":{"start":{"line":20,"column":35},"end":{"line":20,"column":46}},"line":20},"7":{"name":"(anonymous_7)","decl":{"start":{"line":24,"column":22},"end":{"line":24,"column":23}},"loc":{"start":{"line":24,"column":38},"end":{"line":28,"column":1}},"line":24},"8":{"name":"(anonymous_8)","decl":{"start":{"line":25,"column":31},"end":{"line":25,"column":32}},"loc":{"start":{"line":25,"column":43},"end":{"line":27,"column":5}},"line":25},"9":{"name":"(anonymous_9)","decl":{"start":{"line":30,"column":24},"end":{"line":30,"column":25}},"loc":{"start":{"line":30,"column":38},"end":{"line":33,"column":1}},"line":30},"10":{"name":"(anonymous_10)","decl":{"start":{"line":30,"column":38},"end":{"line":30,"column":39}},"loc":{"start":{"line":30,"column":44},"end":{"line":33,"column":1}},"line":30},"11":{"name":"(anonymous_11)","decl":{"start":{"line":35,"column":12},"end":{"line":35,"column":13}},"loc":{"start":{"line":35,"column":18},"end":{"line":77,"column":1}},"line":35},"12":{"name":"(anonymous_12)","decl":{"start":{"line":42,"column":14},"end":{"line":42,"column":15}},"loc":{"start":{"line":42,"column":20},"end":{"line":45,"column":5}},"line":42}},"branchMap":{"0":{"loc":{"start":{"line":12,"column":4},"end":{"line":16,"column":5}},"type":"if","locations":[{"start":{"line":12,"column":4},"end":{"line":16,"column":5}},{"start":{"line":12,"column":4},"end":{"line":16,"column":5}}],"line":12},"1":{"loc":{"start":{"line":50,"column":13},"end":{"line":72,"column":19}},"type":"cond-expr","locations":[{"start":{"line":50,"column":22},"end":{"line":52,"column":15}},{"start":{"line":53,"column":18},"end":{"line":72,"column":19}}],"line":50},"2":{"loc":{"start":{"line":66,"column":25},"end":{"line":66,"column":76}},"type":"cond-expr","locations":[{"start":{"line":66,"column":40},"end":{"line":66,"column":55}},{"start":{"line":66,"column":58},"end":{"line":66,"column":76}}],"line":66}},"s":{"0":1,"1":1,"2":2,"3":4,"4":0,"5":0,"6":1,"7":2,"8":4,"9":0,"10":0,"11":0,"12":1,"13":1,"14":1,"15":1,"16":2,"17":0,"18":0,"19":1,"20":3,"21":3,"22":3,"23":3,"24":3,"25":3,"26":1,"27":1,"28":3},"f":{"0":2,"1":4,"2":0,"3":2,"4":4,"5":0,"6":0,"7":1,"8":1,"9":2,"10":0,"11":3,"12":1},"b":{"0":[0,0],"1":[1,2],"2":[0,2]},"_coverageSchema":"43e27e138ebf9cfc5966b082cf9a028302ed4184","hash":"48e3685fc91bc7ec801be8e51ae2f529e106614d"}
,"/home/iuri/VSCodeProjects/react_app/src/components/Table.js": {"path":"/home/iuri/VSCodeProjects/react_app/src/components/Table.js","statementMap":{"0":{"start":{"line":4,"column":14},"end":{"line":51,"column":1}},"1":{"start":{"line":7,"column":28},"end":{"line":13,"column":5}},"2":{"start":{"line":8,"column":8},"end":{"line":12,"column":16}},"3":{"start":{"line":10,"column":44},"end":{"line":10,"column":79}},"4":{"start":{"line":15,"column":23},"end":{"line":19,"column":5}},"5":{"start":{"line":16,"column":8},"end":{"line":18,"column":13}},"6":{"start":{"line":21,"column":28},"end":{"line":29,"column":5}},"7":{"start":{"line":22,"column":8},"end":{"line":28,"column":9}},"8":{"start":{"line":23,"column":12},"end":{"line":23,"column":109}},"9":{"start":{"line":24,"column":15},"end":{"line":28,"column":9}},"10":{"start":{"line":25,"column":12},"end":{"line":25,"column":102}},"11":{"start":{"line":27,"column":12},"end":{"line":27,"column":60}},"12":{"start":{"line":31,"column":26},"end":{"line":35,"column":5}},"13":{"start":{"line":32,"column":8},"end":{"line":34,"column":16}},"14":{"start":{"line":33,"column":37},"end":{"line":33,"column":54}},"15":{"start":{"line":37,"column":22},"end":{"line":43,"column":5}},"16":{"start":{"line":38,"column":8},"end":{"line":42,"column":9}},"17":{"start":{"line":40,"column":43},"end":{"line":40,"column":71}},"18":{"start":{"line":45,"column":4},"end":{"line":50,"column":5}}},"fnMap":{"0":{"name":"(anonymous_0)","decl":{"start":{"line":4,"column":14},"end":{"line":4,"column":15}},"loc":{"start":{"line":4,"column":42},"end":{"line":51,"column":1}},"line":4},"1":{"name":"(anonymous_1)","decl":{"start":{"line":7,"column":28},"end":{"line":7,"column":29}},"loc":{"start":{"line":8,"column":8},"end":{"line":12,"column":16}},"line":8},"2":{"name":"(anonymous_2)","decl":{"start":{"line":10,"column":31},"end":{"line":10,"column":32}},"loc":{"start":{"line":10,"column":44},"end":{"line":10,"column":79}},"line":10},"3":{"name":"(anonymous_3)","decl":{"start":{"line":15,"column":23},"end":{"line":15,"column":24}},"loc":{"start":{"line":16,"column":8},"end":{"line":18,"column":13}},"line":16},"4":{"name":"(anonymous_4)","decl":{"start":{"line":21,"column":28},"end":{"line":21,"column":29}},"loc":{"start":{"line":21,"column":45},"end":{"line":29,"column":5}},"line":21},"5":{"name":"(anonymous_5)","decl":{"start":{"line":31,"column":26},"end":{"line":31,"column":27}},"loc":{"start":{"line":32,"column":8},"end":{"line":34,"column":16}},"line":32},"6":{"name":"(anonymous_6)","decl":{"start":{"line":33,"column":25},"end":{"line":33,"column":26}},"loc":{"start":{"line":33,"column":37},"end":{"line":33,"column":54}},"line":33},"7":{"name":"(anonymous_7)","decl":{"start":{"line":37,"column":22},"end":{"line":37,"column":23}},"loc":{"start":{"line":37,"column":34},"end":{"line":43,"column":5}},"line":37},"8":{"name":"(anonymous_8)","decl":{"start":{"line":40,"column":31},"end":{"line":40,"column":32}},"loc":{"start":{"line":40,"column":43},"end":{"line":40,"column":71}},"line":40}},"branchMap":{"0":{"loc":{"start":{"line":22,"column":8},"end":{"line":28,"column":9}},"type":"if","locations":[{"start":{"line":22,"column":8},"end":{"line":28,"column":9}},{"start":{"line":22,"column":8},"end":{"line":28,"column":9}}],"line":22},"1":{"loc":{"start":{"line":24,"column":15},"end":{"line":28,"column":9}},"type":"if","locations":[{"start":{"line":24,"column":15},"end":{"line":28,"column":9}},{"start":{"line":24,"column":15},"end":{"line":28,"column":9}}],"line":24},"2":{"loc":{"start":{"line":48,"column":13},"end":{"line":48,"column":59}},"type":"binary-expr","locations":[{"start":{"line":48,"column":13},"end":{"line":48,"column":20}},{"start":{"line":48,"column":24},"end":{"line":48,"column":40}},{"start":{"line":48,"column":44},"end":{"line":48,"column":59}}],"line":48}},"s":{"0":1,"1":6,"2":6,"3":20,"4":6,"5":48,"6":6,"7":28,"8":8,"9":20,"10":4,"11":16,"12":6,"13":2,"14":6,"15":6,"16":6,"17":28,"18":6},"f":{"0":6,"1":6,"2":20,"3":48,"4":28,"5":2,"6":6,"7":6,"8":28},"b":{"0":[8,20],"1":[4,16],"2":[6,6,2]},"_coverageSchema":"43e27e138ebf9cfc5966b082cf9a028302ed4184","hash":"0b0bbf74b207c75a07a5fb6b07160067788ec1c4"}
}
