TN:
SF:/home/iuri/VSCodeProjects/react_app/src/App.js
FN:11,(anonymous_0)
FN:11,(anonymous_1)
FN:11,(anonymous_2)
FN:19,(anonymous_3)
FN:19,(anonymous_4)
FN:19,(anonymous_5)
FN:20,(anonymous_6)
FN:24,(anonymous_7)
FN:25,(anonymous_8)
FN:30,(anonymous_9)
FN:30,(anonymous_10)
FN:35,(anonymous_11)
FN:42,(anonymous_12)
FNF:13
FNH:9
FNDA:2,(anonymous_0)
FNDA:4,(anonymous_1)
FNDA:0,(anonymous_2)
FNDA:2,(anonymous_3)
FNDA:4,(anonymous_4)
FNDA:0,(anonymous_5)
FNDA:0,(anonymous_6)
FNDA:1,(anonymous_7)
FNDA:1,(anonymous_8)
FNDA:2,(anonymous_9)
FNDA:0,(anonymous_10)
FNDA:3,(anonymous_11)
FNDA:1,(anonymous_12)
DA:9,1
DA:11,4
DA:12,0
DA:13,0
DA:19,4
DA:20,0
DA:21,0
DA:24,1
DA:25,1
DA:26,1
DA:30,2
DA:31,0
DA:32,0
DA:35,1
DA:36,3
DA:37,3
DA:38,3
DA:39,3
DA:40,3
DA:42,3
DA:43,1
DA:44,1
DA:47,3
LF:23
LH:17
BRDA:12,0,0,0
BRDA:12,0,1,0
BRDA:50,1,0,1
BRDA:50,1,1,2
BRDA:66,2,0,0
BRDA:66,2,1,2
BRF:6
BRH:3
end_of_record
TN:
SF:/home/iuri/VSCodeProjects/react_app/src/components/Table.js
FN:4,(anonymous_0)
FN:7,(anonymous_1)
FN:10,(anonymous_2)
FN:15,(anonymous_3)
FN:21,(anonymous_4)
FN:31,(anonymous_5)
FN:33,(anonymous_6)
FN:37,(anonymous_7)
FN:40,(anonymous_8)
FNF:9
FNH:9
FNDA:6,(anonymous_0)
FNDA:6,(anonymous_1)
FNDA:20,(anonymous_2)
FNDA:48,(anonymous_3)
FNDA:28,(anonymous_4)
FNDA:2,(anonymous_5)
FNDA:6,(anonymous_6)
FNDA:6,(anonymous_7)
FNDA:28,(anonymous_8)
DA:4,1
DA:7,6
DA:8,6
DA:10,20
DA:15,6
DA:16,48
DA:21,6
DA:22,28
DA:23,8
DA:24,20
DA:25,4
DA:27,16
DA:31,6
DA:32,2
DA:33,6
DA:37,6
DA:38,6
DA:40,28
DA:45,6
LF:19
LH:19
BRDA:22,0,0,8
BRDA:22,0,1,20
BRDA:24,1,0,4
BRDA:24,1,1,16
BRDA:48,2,0,6
BRDA:48,2,1,6
BRDA:48,2,2,2
BRF:7
BRH:7
end_of_record
