TN:
SF:/home/iuri/VSCodeProjects/react_app/src/App.js
FN:11,(anonymous_0)
FN:11,(anonymous_1)
FN:11,(anonymous_2)
FN:19,(anonymous_3)
FN:19,(anonymous_4)
FN:19,(anonymous_5)
FN:20,(anonymous_6)
FN:24,(anonymous_7)
FN:25,(anonymous_8)
FN:31,(anonymous_9)
FN:31,(anonymous_10)
FN:36,(anonymous_11)
FN:43,(anonymous_12)
FNF:13
FNH:9
FNDA:2,(anonymous_0)
FNDA:4,(anonymous_1)
FNDA:0,(anonymous_2)
FNDA:2,(anonymous_3)
FNDA:4,(anonymous_4)
FNDA:0,(anonymous_5)
FNDA:0,(anonymous_6)
FNDA:1,(anonymous_7)
FNDA:1,(anonymous_8)
FNDA:2,(anonymous_9)
FNDA:0,(anonymous_10)
FNDA:3,(anonymous_11)
FNDA:1,(anonymous_12)
DA:9,1
DA:11,4
DA:12,0
DA:13,0
DA:19,4
DA:20,0
DA:21,0
DA:24,1
DA:25,1
DA:26,1
DA:27,1
DA:31,2
DA:32,0
DA:33,0
DA:36,1
DA:37,3
DA:38,3
DA:39,3
DA:40,3
DA:41,3
DA:43,3
DA:44,1
DA:45,1
DA:48,3
LF:24
LH:18
BRDA:12,0,0,0
BRDA:12,0,1,0
BRDA:51,1,0,1
BRDA:51,1,1,2
BRDA:67,2,0,0
BRDA:67,2,1,2
BRF:6
BRH:3
end_of_record
TN:
SF:/home/iuri/VSCodeProjects/react_app/src/Documento.js
FN:11,(anonymous_0)
FN:18,(anonymous_1)
FN:21,(anonymous_2)
FN:27,(anonymous_3)
FN:31,(anonymous_4)
FNF:5
FNH:1
FNDA:2,(anonymous_0)
FNDA:0,(anonymous_1)
FNDA:0,(anonymous_2)
FNDA:0,(anonymous_3)
FNDA:0,(anonymous_4)
DA:4,1
DA:6,1
DA:11,1
DA:12,2
DA:14,2
DA:18,2
DA:19,0
DA:21,0
DA:22,0
DA:23,0
DA:27,2
DA:28,0
DA:31,2
DA:32,0
DA:35,2
LF:15
LH:9
BRF:0
BRH:0
end_of_record
TN:
SF:/home/iuri/VSCodeProjects/react_app/src/Login.js
FN:8,(anonymous_0)
FN:11,(anonymous_1)
FN:14,(anonymous_2)
FN:19,(anonymous_3)
FN:24,(anonymous_4)
FN:28,(anonymous_5)
FNF:6
FNH:1
FNDA:1,(anonymous_0)
FNDA:0,(anonymous_1)
FNDA:0,(anonymous_2)
FNDA:0,(anonymous_3)
FNDA:0,(anonymous_4)
FNDA:0,(anonymous_5)
DA:4,1
DA:6,1
DA:8,1
DA:9,1
DA:11,1
DA:12,0
DA:13,0
DA:14,0
DA:15,0
DA:16,0
DA:17,0
DA:18,0
DA:20,0
DA:24,1
DA:25,0
DA:28,1
DA:29,0
DA:32,1
LF:18
LH:8
BRF:0
BRH:0
end_of_record
TN:
SF:/home/iuri/VSCodeProjects/react_app/src/Pessoa.js
FN:6,(anonymous_0)
FN:14,(anonymous_1)
FN:16,(anonymous_2)
FN:20,(anonymous_3)
FN:24,(anonymous_4)
FN:28,(anonymous_5)
FN:32,(anonymous_6)
FN:37,(anonymous_7)
FN:41,(anonymous_8)
FN:42,(anonymous_9)
FN:49,(anonymous_10)
FNF:11
FNH:2
FNDA:1,(anonymous_0)
FNDA:2,(anonymous_1)
FNDA:0,(anonymous_2)
FNDA:0,(anonymous_3)
FNDA:0,(anonymous_4)
FNDA:0,(anonymous_5)
FNDA:0,(anonymous_6)
FNDA:0,(anonymous_7)
FNDA:0,(anonymous_8)
FNDA:0,(anonymous_9)
FNDA:0,(anonymous_10)
DA:4,1
DA:6,1
DA:14,1
DA:16,2
DA:17,0
DA:20,2
DA:21,0
DA:24,2
DA:25,0
DA:28,2
DA:29,0
DA:30,0
DA:31,0
DA:32,0
DA:33,0
DA:35,0
DA:37,0
DA:38,0
DA:39,0
DA:41,0
DA:42,0
DA:43,0
DA:46,0
DA:49,2
DA:50,0
DA:51,0
DA:54,2
LF:27
LH:9
BRDA:31,0,0,0
BRDA:31,0,1,0
BRDA:37,1,0,0
BRDA:37,1,1,0
BRDA:62,2,0,2
BRDA:62,2,1,2
BRDA:66,3,0,2
BRDA:66,3,1,0
BRF:8
BRH:3
end_of_record
TN:
SF:/home/iuri/VSCodeProjects/react_app/src/index.js
FNF:0
FNH:0
DA:6,0
LF:1
LH:0
BRF:0
BRH:0
end_of_record
TN:
SF:/home/iuri/VSCodeProjects/react_app/src/components/Button.js
FN:3,(anonymous_0)
FNF:1
FNH:1
FNDA:8,(anonymous_0)
DA:3,1
DA:4,8
LF:2
LH:2
BRF:0
BRH:0
end_of_record
TN:
SF:/home/iuri/VSCodeProjects/react_app/src/components/Table.js
FN:4,(anonymous_0)
FN:7,(anonymous_1)
FN:10,(anonymous_2)
FN:15,(anonymous_3)
FN:21,(anonymous_4)
FN:31,(anonymous_5)
FN:33,(anonymous_6)
FN:37,(anonymous_7)
FN:40,(anonymous_8)
FNF:9
FNH:9
FNDA:6,(anonymous_0)
FNDA:6,(anonymous_1)
FNDA:20,(anonymous_2)
FNDA:48,(anonymous_3)
FNDA:28,(anonymous_4)
FNDA:2,(anonymous_5)
FNDA:6,(anonymous_6)
FNDA:6,(anonymous_7)
FNDA:28,(anonymous_8)
DA:4,1
DA:7,6
DA:8,6
DA:10,20
DA:15,6
DA:16,48
DA:21,6
DA:22,28
DA:23,8
DA:24,20
DA:25,4
DA:27,16
DA:31,6
DA:32,2
DA:33,6
DA:37,6
DA:38,6
DA:40,28
DA:45,6
LF:19
LH:19
BRDA:22,0,0,8
BRDA:22,0,1,20
BRDA:24,1,0,4
BRDA:24,1,1,16
BRDA:48,2,0,6
BRDA:48,2,1,6
BRDA:48,2,2,2
BRF:7
BRH:7
end_of_record
TN:
SF:/home/iuri/VSCodeProjects/react_app/src/components/Togglable.js
FN:4,(anonymous_0)
FN:10,(anonymous_1)
FN:14,(anonymous_2)
FNF:3
FNH:3
FNDA:10,(anonymous_0)
FNDA:3,(anonymous_1)
FNDA:2,(anonymous_2)
DA:4,2
DA:5,10
DA:7,10
DA:8,10
DA:10,10
DA:11,3
DA:14,10
DA:15,2
DA:20,10
DA:33,2
LF:10
LH:10
BRDA:7,0,0,2
BRDA:7,0,1,8
BRDA:8,1,0,2
BRDA:8,1,1,8
BRF:4
BRH:4
end_of_record
